Mplus VERSION 8.5
MUTHEN & MUTHEN
03/29/2024  11:07 AM

INPUT INSTRUCTIONS

  data: file is dataset_cou3_sample_mplus.csv;

  variable: names are
  lfdn int_sci int_edu tru_sci tru_edus sci_com edu_com
  thepr_tr thepr_se thepr_en thepr_re
  sex age pra_exp sub_sci sub_lan sub_oth
  stu_uni gym policy eng_edu pos word conf iinf ieff;

  usevariables are iinf ieff;

  auxiliary = int_sci (BCH)
  int_edu (BCH)
  tru_sci (BCH)
  tru_edus (BCH)
  sci_com (BCH)
  edu_com (BCH)
  thepr_tr (BCH)
  thepr_se (BCH)
  thepr_en (BCH)
  thepr_re (BCH)
  age (BCH)
  pra_exp (BCH)
  eng_edu (BCH)
  conf (BCH)
  lfdn
  ;

  missing = all(999);

  classes = profile (4);

  analysis:
  type = mixture;
  starts = 1000 400;
  process = 8;

  model:

  %profile#1%

  [iinf*];
  iinf (a);

  [ieff*];
  ieff (b);

  %profile#2%

  [iinf*];
  iinf (c);

  [ieff*];
  ieff (d);

  %profile#3%

  [iinf*];
  iinf (e);

  [ieff*];
  ieff (f);

  %profile#4%

  [iinf*];
  iinf (e);

  [ieff*];
  ieff (f);

  plot:
  type is plot1 plot2 plot3;
  series is iinf (1) ieff (2);

  !save:
  !save = cprob;
  !file = "LPA_cou3_4_mod_cprobs.dat";

  OUTPUT: tech11;



*** WARNING in MODEL command
  All variables are uncorrelated with all other variables within class.
  Check that this is what is intended.
*** WARNING
  Data set contains cases with missing on all variables except
  x-variables.  These cases were not included in the analysis.
  Number of cases with missing on all variables except x-variables:  11
   2 WARNING(S) FOUND IN THE INPUT INSTRUCTIONS




SUMMARY OF ANALYSIS

Number of groups                                                 1
Number of observations                                         124

Number of dependent variables                                    2
Number of independent variables                                  0
Number of continuous latent variables                            0
Number of categorical latent variables                           1

Observed dependent variables

  Continuous
   IINF        IEFF

Observed auxiliary variables
   INT_SCI     INT_EDU     TRU_SCI     TRU_EDUS    SCI_COM     EDU_COM
   THEPR_TR    THEPR_SE    THEPR_EN    THEPR_RE    AGE         PRA_EXP
   ENG_EDU     CONF
   LFDN

Categorical latent variables
   PROFILE


Estimator                                                      MLR
Information matrix                                        OBSERVED
Optimization Specifications for the Quasi-Newton Algorithm for
Continuous Outcomes
  Maximum number of iterations                                 100
  Convergence criterion                                  0.100D-05
Optimization Specifications for the EM Algorithm
  Maximum number of iterations                                 500
  Convergence criteria
    Loglikelihood change                                 0.100D-06
    Relative loglikelihood change                        0.100D-06
    Derivative                                           0.100D-05
Optimization Specifications for the M step of the EM Algorithm for
Categorical Latent variables
  Number of M step iterations                                    1
  M step convergence criterion                           0.100D-05
  Basis for M step termination                           ITERATION
Optimization Specifications for the M step of the EM Algorithm for
Censored, Binary or Ordered Categorical (Ordinal), Unordered
Categorical (Nominal) and Count Outcomes
  Number of M step iterations                                    1
  M step convergence criterion                           0.100D-05
  Basis for M step termination                           ITERATION
  Maximum value for logit thresholds                            15
  Minimum value for logit thresholds                           -15
  Minimum expected cell size for chi-square              0.100D-01
Maximum number of iterations for H1                           2000
Convergence criterion for H1                             0.100D-03
Optimization algorithm                                         EMA
Random Starts Specifications
  Number of initial stage random starts                       1000
  Number of final stage optimizations                          400
  Number of initial stage iterations                            10
  Initial stage convergence criterion                    0.100D+01
  Random starts scale                                    0.500D+01
  Random seed for generating random starts                       0

Input data file(s)
  dataset_cou3_sample_mplus.csv
Input data format  FREE


SUMMARY OF DATA

     Number of missing data patterns             3
     Number of y missing data patterns           3
     Number of u missing data patterns           0


COVARIANCE COVERAGE OF DATA

Minimum covariance coverage value   0.100


     PROPORTION OF DATA PRESENT FOR Y


           Covariance Coverage
              IINF          IEFF
              ________      ________
 IINF           0.984
 IEFF           0.968         0.984



UNIVARIATE SAMPLE STATISTICS


     UNIVARIATE HIGHER-ORDER MOMENT DESCRIPTIVE STATISTICS

         Variable/         Mean/     Skewness/   Minimum/ % with                Percentiles
        Sample Size      Variance    Kurtosis    Maximum  Min/Max      20%/60%    40%/80%    Median

     IINF                  3.139      -0.207       1.000   24.59%       1.000      3.000      3.000
             122.000       2.366      -1.459       5.000   26.23%       4.000      5.000
     IEFF                  3.402      -0.500       1.000   13.93%       2.000      3.000      4.000
             122.000       1.880      -1.050       5.000   24.59%       4.000      5.000

RANDOM STARTS RESULTS RANKED FROM THE BEST TO THE WORST LOGLIKELIHOOD VALUES


857 perturbed starting value run(s) did not converge or were rejected in the third stage.
Final stage loglikelihood values at local maxima, seeds, and initial stage start numbers:

            -375.195  318177           748
            -375.195  535804           111

Unperturbed starting value run did not converge or was rejected in the third stage.

397 perturbed starting value run(s) did not converge or were rejected in the third stage.



THE BEST LOGLIKELIHOOD VALUE HAS BEEN REPLICATED.  RERUN WITH AT LEAST TWICE THE
RANDOM STARTS TO CHECK THAT THE BEST LOGLIKELIHOOD IS STILL OBTAINED AND REPLICATED.


THE MODEL ESTIMATION TERMINATED NORMALLY



MODEL FIT INFORMATION

Number of Free Parameters                       17

Loglikelihood

          H0 Value                        -375.195
          H0 Scaling Correction Factor      0.8061
            for MLR

Information Criteria

          Akaike (AIC)                     784.391
          Bayesian (BIC)                   832.335
          Sample-Size Adjusted BIC         778.580
            (n* = (n + 2) / 24)



FINAL CLASS COUNTS AND PROPORTIONS FOR THE LATENT CLASSES
BASED ON THE ESTIMATED MODEL

    Latent
   Classes

       1         36.61783          0.29531
       2         44.43211          0.35832
       3          8.19292          0.06607
       4         34.75714          0.28030


FINAL CLASS COUNTS AND PROPORTIONS FOR THE LATENT CLASSES
BASED ON ESTIMATED POSTERIOR PROBABILITIES

    Latent
   Classes

       1         36.61783          0.29531
       2         44.43211          0.35832
       3          8.19292          0.06607
       4         34.75714          0.28030


FINAL CLASS COUNTS AND PROPORTIONS FOR THE LATENT CLASSES
BASED ON THEIR MOST LIKELY LATENT CLASS MEMBERSHIP

Class Counts and Proportions

    Latent
   Classes

       1               39          0.31452
       2               42          0.33871
       3                8          0.06452
       4               35          0.28226


CLASSIFICATION QUALITY

     Entropy                         0.905


Average Latent Class Probabilities for Most Likely Latent Class Membership (Row)
by Latent Class (Column)

           1        2        3        4

    1   0.911    0.088    0.000    0.001
    2   0.021    0.970    0.006    0.003
    3   0.000    0.007    0.993    0.000
    4   0.005    0.006    0.000    0.989


Classification Probabilities for the Most Likely Latent Class Membership (Column)
by Latent Class (Row)

           1        2        3        4

    1   0.971    0.024    0.000    0.005
    2   0.077    0.917    0.001    0.005
    3   0.000    0.030    0.970    0.000
    4   0.001    0.004    0.000    0.995


Logits for the Classification Probabilities for the Most Likely Latent Class Membership (Column)
by Latent Class (Row)

              1        2        3        4

    1      5.228    1.531   -8.558    0.000
    2      2.784    5.260   -1.363    0.000
    3      0.000   10.314   13.785    0.000
    4     -7.076   -5.583  -13.811    0.000


MODEL RESULTS

                                                    Two-Tailed
                    Estimate       S.E.  Est./S.E.    P-Value

Latent Class 1

 Means
    IINF               4.256      0.230     18.535      0.000
    IEFF               4.338      0.155     27.954      0.000

 Variances
    IINF               0.508      0.177      2.867      0.004
    IEFF               0.273      0.022     12.158      0.000

Latent Class 2

 Means
    IINF               4.027      0.202     19.963      0.000
    IEFF               2.192      0.353      6.212      0.000

 Variances
    IINF               0.871      0.147      5.923      0.000
    IEFF               0.746      0.373      1.997      0.046

Latent Class 3

 Means
    IINF               1.014      0.017     59.591      0.000
    IEFF               1.148      0.129      8.916      0.000

 Variances
    IINF               0.193      0.027      7.035      0.000
    IEFF               0.232      0.023     10.133      0.000

Latent Class 4

 Means
    IINF               1.368      0.090     15.206      0.000
    IEFF               4.485      0.094     47.921      0.000

 Variances
    IINF               0.193      0.027      7.035      0.000
    IEFF               0.232      0.023     10.133      0.000

Categorical Latent Variables

 Means
    PROFILE#1          0.052      0.317      0.164      0.869
    PROFILE#2          0.246      0.294      0.836      0.403
    PROFILE#3         -1.445      0.393     -3.677      0.000


QUALITY OF NUMERICAL RESULTS

     Condition Number for the Information Matrix              0.264E-05
       (ratio of smallest to largest eigenvalue)


EQUALITY TESTS OF MEANS ACROSS CLASSES USING THE BCH PROCEDURE
WITH 3 DEGREE(S) OF FREEDOM FOR THE OVERALL TEST

INT_SCI
                          Mean       S.E.                          Mean       S.E.

  Class 1                3.728      0.126  Class 2                3.613      0.139
  Class 3                4.128      0.375  Class 4                3.859      0.148

                    Chi-Square     P-Value                   Chi-Square     P-Value

  Overall test           2.554      0.466  Class 1 vs. 2          0.334      0.563
  Class 1 vs. 3          1.026      0.311  Class 1 vs. 4          0.453      0.501
  Class 2 vs. 3          1.643      0.200  Class 2 vs. 4          1.460      0.227
  Class 3 vs. 4          0.446      0.504

INT_EDU
                          Mean       S.E.                          Mean       S.E.

  Class 1                3.602      0.163  Class 2                4.037      0.113
  Class 3                3.245      0.496  Class 4                4.146      0.136

                    Chi-Square     P-Value                   Chi-Square     P-Value

  Overall test           8.918      0.030  Class 1 vs. 2          4.431      0.035
  Class 1 vs. 3          0.471      0.492  Class 1 vs. 4          6.532      0.011
  Class 2 vs. 3          2.403      0.121  Class 2 vs. 4          0.378      0.539
  Class 3 vs. 4          3.079      0.079

TRU_SCI
                          Mean       S.E.                          Mean       S.E.

  Class 1                3.953      0.080  Class 2                3.904      0.076
  Class 3                3.875      0.213  Class 4                3.885      0.106

                    Chi-Square     P-Value                   Chi-Square     P-Value

  Overall test           0.349      0.951  Class 1 vs. 2          0.178      0.673
  Class 1 vs. 3          0.118      0.731  Class 1 vs. 4          0.260      0.610
  Class 2 vs. 3          0.016      0.898  Class 2 vs. 4          0.020      0.887
  Class 3 vs. 4          0.002      0.965

TRU_EDUS
                          Mean       S.E.                          Mean       S.E.

  Class 1                3.345      0.147  Class 2                3.507      0.106
  Class 3                3.122      0.375  Class 4                3.197      0.152

                    Chi-Square     P-Value                   Chi-Square     P-Value

  Overall test           3.304      0.347  Class 1 vs. 2          0.730      0.393
  Class 1 vs. 3          0.306      0.580  Class 1 vs. 4          0.485      0.486
  Class 2 vs. 3          0.961      0.327  Class 2 vs. 4          2.770      0.096
  Class 3 vs. 4          0.034      0.853

SCI_COM
                          Mean       S.E.                          Mean       S.E.

  Class 1                2.481      0.187  Class 2                2.554      0.160
  Class 3                1.870      0.118  Class 4                2.341      0.183

                    Chi-Square     P-Value                   Chi-Square     P-Value

  Overall test          16.104      0.001  Class 1 vs. 2          0.079      0.778
  Class 1 vs. 3          7.636      0.006  Class 1 vs. 4          0.286      0.593
  Class 2 vs. 3         11.662      0.001  Class 2 vs. 4          0.763      0.382
  Class 3 vs. 4          4.690      0.030

EDU_COM
                          Mean       S.E.                          Mean       S.E.

  Class 1                1.913      0.167  Class 2                2.030      0.141
  Class 3                1.622      0.305  Class 4                1.653      0.147

                    Chi-Square     P-Value                   Chi-Square     P-Value

  Overall test           4.156      0.245  Class 1 vs. 2          0.258      0.611
  Class 1 vs. 3          0.700      0.403  Class 1 vs. 4          1.354      0.245
  Class 2 vs. 3          1.452      0.228  Class 2 vs. 4          3.377      0.066
  Class 3 vs. 4          0.008      0.927

THEPR_TR
                          Mean       S.E.                          Mean       S.E.

  Class 1                2.908      0.199  Class 2                2.782      0.158
  Class 3                2.876      0.415  Class 4                3.031      0.226

                    Chi-Square     P-Value                   Chi-Square     P-Value

  Overall test           0.832      0.842  Class 1 vs. 2          0.226      0.634
  Class 1 vs. 3          0.005      0.943  Class 1 vs. 4          0.164      0.685
  Class 2 vs. 3          0.044      0.834  Class 2 vs. 4          0.812      0.368
  Class 3 vs. 4          0.108      0.743

THEPR_SE
                          Mean       S.E.                          Mean       S.E.

  Class 1                4.002      0.179  Class 2                3.976      0.137
  Class 3                3.874      0.452  Class 4                4.202      0.146

                    Chi-Square     P-Value                   Chi-Square     P-Value

  Overall test           1.634      0.652  Class 1 vs. 2          0.013      0.910
  Class 1 vs. 3          0.069      0.792  Class 1 vs. 4          0.747      0.387
  Class 2 vs. 3          0.045      0.831  Class 2 vs. 4          1.272      0.259
  Class 3 vs. 4          0.478      0.489

THEPR_EN
                          Mean       S.E.                          Mean       S.E.

  Class 1                3.799      0.177  Class 2                3.469      0.160
  Class 3                3.626      0.396  Class 4                3.368      0.201

                    Chi-Square     P-Value                   Chi-Square     P-Value

  Overall test           2.931      0.402  Class 1 vs. 2          1.721      0.190
  Class 1 vs. 3          0.159      0.690  Class 1 vs. 4          2.575      0.109
  Class 2 vs. 3          0.134      0.714  Class 2 vs. 4          0.151      0.698
  Class 3 vs. 4          0.337      0.561

THEPR_RE
                          Mean       S.E.                          Mean       S.E.

  Class 1                3.703      0.198  Class 2                3.694      0.101
  Class 3                2.869      0.375  Class 4                3.914      0.129

                    Chi-Square     P-Value                   Chi-Square     P-Value

  Overall test           7.495      0.058  Class 1 vs. 2          0.001      0.969
  Class 1 vs. 3          3.874      0.049  Class 1 vs. 4          0.792      0.373
  Class 2 vs. 3          4.458      0.035  Class 2 vs. 4          1.784      0.182
  Class 3 vs. 4          6.946      0.008

AGE
                          Mean       S.E.                          Mean       S.E.

  Class 1               48.826      1.827  Class 2               48.488      1.553
  Class 3               49.884      3.706  Class 4               47.328      1.706

                    Chi-Square     P-Value                   Chi-Square     P-Value

  Overall test           0.610      0.894  Class 1 vs. 2          0.018      0.894
  Class 1 vs. 3          0.066      0.798  Class 1 vs. 4          0.357      0.550
  Class 2 vs. 3          0.119      0.730  Class 2 vs. 4          0.251      0.616
  Class 3 vs. 4          0.393      0.531

PRA_EXP
                          Mean       S.E.                          Mean       S.E.

  Class 1               17.182      1.960  Class 2               17.161      1.575
  Class 3               18.635      3.613  Class 4               16.015      1.632

                    Chi-Square     P-Value                   Chi-Square     P-Value

  Overall test           0.578      0.901  Class 1 vs. 2          0.000      0.994
  Class 1 vs. 3          0.125      0.724  Class 1 vs. 4          0.208      0.648
  Class 2 vs. 3          0.138      0.710  Class 2 vs. 4          0.253      0.615
  Class 3 vs. 4          0.437      0.509

ENG_EDU
                          Mean       S.E.                          Mean       S.E.

  Class 1                3.601      0.143  Class 2                3.288      0.116
  Class 3                3.977      0.189  Class 4                3.856      0.129

                    Chi-Square     P-Value                   Chi-Square     P-Value

  Overall test          14.972      0.002  Class 1 vs. 2          2.611      0.106
  Class 1 vs. 3          2.518      0.113  Class 1 vs. 4          1.738      0.187
  Class 2 vs. 3          9.552      0.002  Class 2 vs. 4         10.610      0.001
  Class 3 vs. 4          0.278      0.598

CONF
                          Mean       S.E.                          Mean       S.E.

  Class 1                3.604      0.246  Class 2                3.443      0.206
  Class 3                4.130      0.330  Class 4                4.034      0.229

                    Chi-Square     P-Value                   Chi-Square     P-Value

  Overall test           5.513      0.138  Class 1 vs. 2          0.226      0.635
  Class 1 vs. 3          1.637      0.201  Class 1 vs. 4          1.635      0.201
  Class 2 vs. 3          3.071      0.080  Class 2 vs. 4          3.641      0.056
  Class 3 vs. 4          0.056      0.813



TECHNICAL 11 OUTPUT

     Random Starts Specifications for the k-1 Class Analysis Model
        Number of initial stage random starts                1000
        Number of final stage optimizations                   400



     VUONG-LO-MENDELL-RUBIN LIKELIHOOD RATIO TEST FOR 3 (H0) VERSUS 4 CLASSES

          H0 Loglikelihood Value                         -383.837
          2 Times the Loglikelihood Difference             17.283
          Difference in the Number of Parameters                5
          Mean                                             10.363
          Standard Deviation                               14.948
          P-Value                                          0.2022

     LO-MENDELL-RUBIN ADJUSTED LRT TEST

          Value                                            16.594
          P-Value                                          0.2119


PLOT INFORMATION

The following plots are available:

  Histograms (sample values)
  Scatterplots (sample values)
  Sample means
  Estimated means, medians, modes, and percentiles
  Sample and estimated means
  Observed individual values
  Estimated means and observed individual values
  Estimated overall and class-specific distributions

DIAGRAM INFORMATION

  Mplus diagrams are currently not available for Mixture analysis.
  No diagram output was produced.


     Beginning Time:  11:07:29
        Ending Time:  11:09:00
       Elapsed Time:  00:01:31



MUTHEN & MUTHEN
3463 Stoner Ave.
Los Angeles, CA  90066

Tel: (310) 391-9971
Fax: (310) 391-8971
Web: www.StatModel.com
Support: Support@StatModel.com

Copyright (c) 1998-2020 Muthen & Muthen
